Arguments: 
  C:\Program Files\nodejs\node.exe C:\Program Files (x86)\Yarn\bin\yarn.js

PATH: 
  C:\Program Files (x86)\Intel\iCLS Client\;C:\Program Files\Intel\iCLS Client\;C:\Program Files (x86)\Common Files\Oracle\Java\javapath;C:\Windows\system32;C:\Windows;C:\Windows\System32\Wbem;C:\Windows\System32\WindowsPowerShell\v1.0\;C:\Windows\System32\OpenSSH\;C:\Program Files (x86)\Intel\Intel(R) Management Engine Components\DAL;C:\Program Files\Intel\Intel(R) Management Engine Components\DAL;C:\Program Files (x86)\Intel\Intel(R) Management Engine Components\IPT;C:\Program Files\Intel\Intel(R) Management Engine Components\IPT;C:\Program Files\nodejs\;C:\Program Files\Git\cmd;C:\Program Files\Java\jdk1.8.0_201\bin;C:\Program Files\apache-maven-3.6.0\bin;C:\Program Files\PuTTY\;C:\Program Files (x86)\Yarn\bin\;C:\Users\saputra\AppData\Local\Microsoft\WindowsApps;C:\Users\saputra\AppData\Roaming\npm;C:\Users\saputra\AppData\Local\Programs\Microsoft VS Code\bin;C:\Program Files\Java\jdk1.8.0_201\bin;C:\Program Files\apache-maven-3.6.0\bin;C:\Users\saputra\AppData\Local\Yarn\bin

Yarn version: 
  1.15.2

Node version: 
  10.15.2

Platform: 
  win32 x64

Trace: 
  Error: unable to get local issuer certificate
      at TLSSocket.onConnectSecure (_tls_wrap.js:1051:34)
      at TLSSocket.emit (events.js:189:13)
      at TLSSocket._finishInit (_tls_wrap.js:633:8)

npm manifest: 
  {
    "name": "flux-wallet",
    "version": "1.0.0",
    "description": "A simple virtual wallet built using React and Flux.",
    "main": "index.js",
    "repository": "git@github.com:hisk/flux-wallet.git",
    "author": "Catalin Vasile <contact@catalin.me>",
    "license": "MIT",
    "scripts": {
      "start": "node_modules/.bin/webpack-dev-server --progress --inline --hot"
    },
    "dependencies": {
      "flux": "^3.1.2",
      "react": "^15.5.4",
      "react-dom": "^15.5.4"
    },
    "devDependencies": {
      "babel": "^6.23.0",
      "babel-core": "^6.24.1",
      "babel-loader": "^7.0.0",
      "babel-preset-es2015": "^6.24.1",
      "babel-preset-react": "^6.24.1",
      "babel-preset-react-hmre": "^1.1.1",
      "babel-preset-stage-2": "^6.24.1",
      "webpack": "^2.5.1",
      "webpack-dev-server": "^2.4.5"
    }
  }

yarn manifest: 
  No manifest

Lockfile: 
  No lockfile
